<?xml version="1.0" encoding="UTF-8"?>
<!-- Generated by org.testng.reporters.JUnitReportReporter -->
<testsuite hostname="Kundan" failures="0" tests="1" name="lec039.SSLHandling" time="3.544" errors="0" timestamp="2024-11-07T21:40:42 IST" skipped="0">
  <testcase classname="lec039.SSLHandling" name="testSSL" time="3.544"/>
  <system-out>
expired.badssl.com  </system-out>
</testsuite> <!-- lec039.SSLHandling -->
