<?xml version="1.0" encoding="UTF-8"?>
<!-- Generated by org.testng.reporters.JUnitReportReporter -->
<testsuite hostname="Kundan" failures="0" tests="1" name="lec039.CaptureScreenshot" time="4.113" errors="0" timestamp="2024-11-23T23:45:19 IST" skipped="0">
  <testcase classname="lec039.CaptureScreenshot" name="takeScreenshotOfSpecificSectionOfWebPage" time="4.113"/>
  <system-out/>
</testsuite> <!-- lec039.CaptureScreenshot -->
