<?xml version="1.0" encoding="UTF-8"?>
<!-- Generated by org.testng.reporters.JUnitReportReporter -->
<testsuite hostname="Kundan" failures="0" tests="1" name="session030.GooglePageZoom" time="5.971" errors="0" timestamp="2024-11-09T17:30:11 IST" skipped="0">
  <testcase classname="session030.GooglePageZoom" name="zoomGooglePage" time="5.971"/>
  <system-out/>
</testsuite> <!-- session030.GooglePageZoom -->
