<?xml version="1.0" encoding="UTF-8"?>
<!-- Generated by org.testng.reporters.JUnitReportReporter -->
<testsuite hostname="Kundan" failures="0" tests="1" name="lec040.BrokenLinks" time="44.415" errors="0" timestamp="2024-11-08T17:23:54 IST" skipped="0">
  <testcase classname="lec040.BrokenLinks" name="getBrokenLinks" time="44.415"/>
  <system-out>
Total no. of links : 48  </system-out>
</testsuite> <!-- lec040.BrokenLinks -->
