<?xml version="1.0" encoding="UTF-8"?>
<!-- Generated by org.testng.reporters.JUnitReportReporter -->
<testsuite hostname="Kundan" failures="0" tests="1" name="lec039.DisableAutomatedMessageOnScreen" time="3.854" errors="0" timestamp="2024-11-07T21:50:55 IST" skipped="0">
  <testcase classname="lec039.DisableAutomatedMessageOnScreen" name="disableControlledMessage" time="3.854"/>
  <system-out>
Your Store  </system-out>
</testsuite> <!-- lec039.DisableAutomatedMessageOnScreen -->
