<?xml version="1.0" encoding="UTF-8"?>
<!-- Generated by org.testng.reporters.JUnitReportReporter -->
<testsuite hostname="Kundan" failures="0" tests="1" name="lec038.JavascriptExecutorDemo2" time="7.201" errors="0" timestamp="2024-11-06T20:32:51 IST" skipped="0">
  <testcase classname="lec038.JavascriptExecutorDemo2" name="getTextUsingJavascriptExecutor" time="7.201"/>
  <system-out/>
</testsuite> <!-- lec038.JavascriptExecutorDemo2 -->
