<?xml version="1.0" encoding="UTF-8"?>
<!-- Generated by org.testng.reporters.JUnitReportReporter -->
<testsuite hostname="Kundan" failures="0" tests="3" name="lec040.ShadowDOM" time="6.674" errors="0" timestamp="2024-11-09T11:23:42 IST" skipped="2">
  <testcase classname="lec040.ShadowDOM" name="testBenzApp" time="6.674"/>
  <system-out/>
  <testcase classname="lec040.ShadowDOM" name="testShadowRootBooks">
    <skipped/>
  </testcase> <!-- testShadowRootBooks -->
  <system-out/>
  <testcase classname="lec040.ShadowDOM" name="testNestedShadowRoot">
    <skipped/>
  </testcase> <!-- testNestedShadowRoot -->
  <system-out/>
</testsuite> <!-- lec040.ShadowDOM -->
