<?xml version="1.0" encoding="UTF-8"?>
<!-- Generated by org.testng.reporters.JUnitReportReporter -->
<testsuite hostname="Kundan" failures="0" tests="1" name="lec038.ScrollingUsingJavascriptExecutor" time="24.951" errors="0" timestamp="2024-11-06T21:50:11 IST" skipped="0">
  <testcase classname="lec038.ScrollingUsingJavascriptExecutor" name="scrollUsingJavascriptExecutor" time="24.951"/>
  <system-out/>
</testsuite> <!-- lec038.ScrollingUsingJavascriptExecutor -->
