<?xml version="1.0" encoding="UTF-8"?>
<!-- Generated by org.testng.reporters.JUnitReportReporter -->
<testsuite hostname="Kundan" failures="0" tests="1" name="lec039.HeadlessTesting" time="2.555" errors="0" timestamp="2024-11-07T21:33:59 IST" skipped="0">
  <testcase classname="lec039.HeadlessTesting" name="testHeadless" time="2.555"/>
  <system-out>
Your Store  </system-out>
</testsuite> <!-- lec039.HeadlessTesting -->
