<?xml version="1.0" encoding="UTF-8"?>
<!-- Generated by org.testng.reporters.JUnitReportReporter -->
<testsuite hostname="Kundan" failures="0" tests="1" name="lec038.EnterTexaAndClickUsingJavascriptExecutor" time="5.057" errors="0" timestamp="2024-11-23T23:03:13 IST" skipped="0">
  <testcase classname="lec038.EnterTexaAndClickUsingJavascriptExecutor" name="clickUsingJavascriptExexutor" time="5.057"/>
  <system-out/>
</testsuite> <!-- lec038.EnterTexaAndClickUsingJavascriptExecutor -->
