<?xml version="1.0" encoding="UTF-8"?>
<!-- Generated by org.testng.reporters.JUnitReportReporter -->
<testsuite hostname="Kundan" failures="0" tests="1" name="lec040.HandleSVGElements" time="7.477" errors="0" timestamp="2024-11-09T13:58:40 IST" skipped="0">
  <testcase classname="lec040.HandleSVGElements" name="testSVGElements" time="7.477"/>
  <system-out/>
</testsuite> <!-- lec040.HandleSVGElements -->
