<?xml version="1.0" encoding="UTF-8"?>
<!-- Generated by org.testng.reporters.JUnitReportReporter -->
<testsuite hostname="Kundan" failures="0" tests="1" name="lec039.CaptureScreenshot" time="6.093" errors="0" timestamp="2024-11-10T20:37:28 IST" skipped="0">
  <testcase classname="lec039.CaptureScreenshot" name="takeElementScreenshot" time="6.093"/>
  <system-out/>
</testsuite> <!-- lec039.CaptureScreenshot -->
