<?xml version="1.0" encoding="UTF-8"?>
<!-- Generated by org.testng.reporters.JUnitReportReporter -->
<testsuite hostname="Kundan" failures="0" tests="1" name="lec038.MaximizeMinimizeUsingJavascriptExecutor" time="8.594" errors="0" timestamp="2024-11-07T18:20:50 IST" skipped="0">
  <testcase classname="lec038.MaximizeMinimizeUsingJavascriptExecutor" name="maxMinWindowUsingJavascriptExecutor" time="8.594"/>
  <system-out/>
</testsuite> <!-- lec038.MaximizeMinimizeUsingJavascriptExecutor -->
