<?xml version="1.0" encoding="UTF-8"?>
<!-- Generated by org.testng.reporters.JUnitReportReporter -->
<testsuite hostname="Kundan" failures="0" tests="1" name="lec039.RunTestInIncognitoMode" time="2.448" errors="0" timestamp="2024-11-07T21:59:33 IST" skipped="0">
  <testcase classname="lec039.RunTestInIncognitoMode" name="runIncognitoMode" time="2.448"/>
  <system-out/>
</testsuite> <!-- lec039.RunTestInIncognitoMode -->
