<?xml version="1.0" encoding="UTF-8"?>
<!-- Generated by org.testng.reporters.JUnitReportReporter -->
<testsuite hostname="Kundan" failures="0" tests="1" name="lec038.FileUpload" time="8.442" errors="0" timestamp="2024-11-07T19:34:06 IST" skipped="0">
  <testcase classname="lec038.FileUpload" name="singleFileUpload" time="8.442"/>
  <system-out/>
</testsuite> <!-- lec038.FileUpload -->
