<?xml version="1.0" encoding="UTF-8"?>
<!-- Generated by org.testng.reporters.JUnitReportReporter -->
<testsuite hostname="Kundan" failures="0" tests="1" name="lec038.JavascriptExecutorDemo" time="6.163" errors="0" timestamp="2024-11-06T20:30:00 IST" skipped="0">
  <testcase classname="lec038.JavascriptExecutorDemo" name="clickUsingJavascriptExexutor" time="6.163"/>
  <system-out/>
</testsuite> <!-- lec038.JavascriptExecutorDemo -->
