<?xml version="1.0" encoding="UTF-8"?>
<!-- Generated by org.testng.reporters.JUnitReportReporter -->
<testsuite hostname="Kundan" failures="0" tests="2" name="lec039.EnableExtensionsAtRuntime" time="7.398" errors="0" timestamp="2024-11-08T15:34:39 IST" skipped="1">
  <testcase classname="lec039.EnableExtensionsAtRuntime" name="blockAds" time="7.398"/>
  <system-out/>
  <testcase classname="lec039.EnableExtensionsAtRuntime" name="enableSelectorsHubExtension">
    <skipped/>
  </testcase> <!-- enableSelectorsHubExtension -->
  <system-out/>
</testsuite> <!-- lec039.EnableExtensionsAtRuntime -->
