<?xml version="1.0" encoding="UTF-8"?>
<!-- Generated by org.testng.reporters.JUnitReportReporter -->
<testsuite hostname="Kundan" failures="0" tests="1" name="lec039.CaptureScreenshotWithTimeStamp" time="3.310" errors="0" timestamp="2024-11-24T10:14:29 IST" skipped="0">
  <testcase classname="lec039.CaptureScreenshotWithTimeStamp" name="takeFullPageScreenshot" time="3.310"/>
  <system-out/>
</testsuite> <!-- lec039.CaptureScreenshotWithTimeStamp -->
